[2023-04-18 00:03:11] INFO root fetch - main [MainThread]: Get Changelog since Serial: [17744949]
[2023-04-18 00:03:16] INFO root fetch - main [MainThread]: Found 7 changed packages
[2023-04-18 00:03:16] INFO root fetch - processPackages [ThreadPoolExecutor-0_0]: Start processing: pyhanko-certvalidator
[2023-04-18 00:03:16] INFO root fetch - processPackages [ThreadPoolExecutor-0_1]: Start processing: querysource
[2023-04-18 00:03:16] INFO root fetch - processPackages [ThreadPoolExecutor-0_2]: Start processing: yopass-api
[2023-04-18 00:03:16] INFO root fetch - processPackages [ThreadPoolExecutor-0_3]: Start processing: pyxattr
[2023-04-18 00:03:16] INFO root fetch - processPackages [ThreadPoolExecutor-0_4]: Start processing: unigui
[2023-04-18 00:03:16] INFO root fetch - processPackages [ThreadPoolExecutor-0_5]: Start processing: futurejson
[2023-04-18 00:03:16] INFO root fetch - processPackages [ThreadPoolExecutor-0_6]: Start processing: mass-driver
[2023-04-18 00:03:16] INFO root fetch - processPackages [querysource]: New version: [3.6.9] Old Version: [3.6.8]
[2023-04-18 00:03:16] INFO root fetch - processPackages [unigui]: New version: [1.3.7] Old Version: [1.3.6]
[2023-04-18 00:03:16] WARNING root fetch - processPackages [futurejson]: Skipping, unable to determine old version
[2023-04-18 00:03:16] INFO root fetch - main [MainThread]: End processing [futurejson] error
[2023-04-18 00:03:16] INFO root fetch - processPackages [pyxattr]: New version: [0.8.1] Old Version: [0.8.0]
[2023-04-18 00:03:16] INFO root fetch - processPackages [yopass-api]: New version: [0.0.6] Old Version: [0.0.5]
[2023-04-18 00:03:16] INFO root fetch - processPackages [mass-driver]: New version: [0.9.0] Old Version: [0.8.0]
[2023-04-18 00:03:16] INFO root fetch - processPackages [pyhanko-certvalidator]: New version: [0.21.2] Old Version: [0.21.1]
[2023-04-18 00:03:16] INFO root fetch - processPackages [pyhanko-certvalidator]: Downloading https://files.pythonhosted.org/packages/d0/55/e4f33e0f703f54555c4a3fc836ec1aa0ab9ad02c8abb4fa328fb09cf97fc/pyhanko-certvalidator-0.21.1.tar.gz
[2023-04-18 00:03:16] INFO root fetch - processPackages [mass-driver]: executing diffoscope
[2023-04-18 00:03:16] INFO root fetch - processPackages [mass-driver]: podman run --user 0:0 --rm -w /home/abi/fetcher -v /home/abi/fetcher/tmp:/home/abi/fetcher/tmp:ro -v /home/abi/fetcher/20230418:/home/abi/fetcher/20230418:rw registry.salsa.debian.org/reproducible-builds/diffoscope --no-progress tmp/mass_driver-0.8.0-py3-none-any.whl.zip tmp/mass_driver-0.9.0-py3-none-any.whl.zip --markdown 20230418/m/mass-driver/0.8.0-0.9.0/diff.md --exclude *.pyd
[2023-04-18 00:03:16] INFO root fetch - processPackages [querysource]: Downloading https://files.pythonhosted.org/packages/70/4b/8c539f343afcdd37564e5a6c74c47423c9bf31268e67037958cf41e0fefb/querysource-3.6.8-cp39-cp39-manylinux_2_17_x86_64.manylinux2014_x86_64.whl
[2023-04-18 00:03:16] INFO root fetch - processPackages [pyxattr]: Downloading https://files.pythonhosted.org/packages/8f/27/f9072922b73e35bdea86ec684fa754271181dc8e95507c8becd4fbcbd191/pyxattr-0.8.0.tar.gz
[2023-04-18 00:03:16] INFO root fetch - processPackages [yopass-api]: Downloading https://files.pythonhosted.org/packages/b9/15/eb386aaa9a46aa301a68c98415a350b70466d0e16ab3b565c1b9df78fd77/yopass_api-0.0.6.tar.gz
[2023-04-18 00:03:16] INFO root fetch - processPackages [yopass-api]: executing diffoscope
[2023-04-18 00:03:16] INFO root fetch - processPackages [yopass-api]: podman run --user 0:0 --rm -w /home/abi/fetcher -v /home/abi/fetcher/tmp:/home/abi/fetcher/tmp:ro -v /home/abi/fetcher/20230418:/home/abi/fetcher/20230418:rw registry.salsa.debian.org/reproducible-builds/diffoscope --no-progress tmp/yopass_api-0.0.5.tar.gz tmp/yopass_api-0.0.6.tar.gz --markdown 20230418/y/yopass-api/0.0.5-0.0.6/diff.md --exclude *.pyd
[2023-04-18 00:03:16] INFO root fetch - processPackages [unigui]: Downloading https://files.pythonhosted.org/packages/35/cb/aad03f3455cfb2556e2be143926bdcf0b3d4512ebaa1ff8279be8e63ccdd/unigui-1.3.7.tar.gz
[2023-04-18 00:03:16] INFO root fetch - processPackages [pyhanko-certvalidator]: Downloading https://files.pythonhosted.org/packages/0e/93/d741b355388a955840e50f4265288245d5ce0feac4dd82d8a0d2f510f4bb/pyhanko-certvalidator-0.21.2.tar.gz
[2023-04-18 00:03:16] INFO root fetch - processPackages [unigui]: executing diffoscope
[2023-04-18 00:03:16] INFO root fetch - processPackages [unigui]: podman run --user 0:0 --rm -w /home/abi/fetcher -v /home/abi/fetcher/tmp:/home/abi/fetcher/tmp:ro -v /home/abi/fetcher/20230418:/home/abi/fetcher/20230418:rw registry.salsa.debian.org/reproducible-builds/diffoscope --no-progress tmp/unigui-1.3.6.tar.gz tmp/unigui-1.3.7.tar.gz --markdown 20230418/u/unigui/1.3.6-1.3.7/diff.md --exclude *.pyd
[2023-04-18 00:03:16] INFO root fetch - processPackages [pyxattr]: Downloading https://files.pythonhosted.org/packages/97/d1/7b85f2712168dfa26df6471082403013f3f815f3239aee3def17b6fd69ee/pyxattr-0.8.1.tar.gz
[2023-04-18 00:03:16] INFO root fetch - processPackages [pyhanko-certvalidator]: executing diffoscope
[2023-04-18 00:03:16] INFO root fetch - processPackages [pyhanko-certvalidator]: podman run --user 0:0 --rm -w /home/abi/fetcher -v /home/abi/fetcher/tmp:/home/abi/fetcher/tmp:ro -v /home/abi/fetcher/20230418:/home/abi/fetcher/20230418:rw registry.salsa.debian.org/reproducible-builds/diffoscope --no-progress tmp/pyhanko-certvalidator-0.21.1.tar.gz tmp/pyhanko-certvalidator-0.21.2.tar.gz --markdown 20230418/p/pyhanko-certvalidator/0.21.1-0.21.2/diff.md --exclude *.pyd
[2023-04-18 00:03:16] INFO root fetch - processPackages [pyxattr]: executing diffoscope
[2023-04-18 00:03:16] INFO root fetch - processPackages [pyxattr]: podman run --user 0:0 --rm -w /home/abi/fetcher -v /home/abi/fetcher/tmp:/home/abi/fetcher/tmp:ro -v /home/abi/fetcher/20230418:/home/abi/fetcher/20230418:rw registry.salsa.debian.org/reproducible-builds/diffoscope --no-progress tmp/pyxattr-0.8.0.tar.gz tmp/pyxattr-0.8.1.tar.gz --markdown 20230418/p/pyxattr/0.8.0-0.8.1/diff.md --exclude *.pyd
[2023-04-18 00:03:16] INFO root fetch - processPackages [querysource]: Downloading https://files.pythonhosted.org/packages/ab/50/018cb101f002f53a882706970a666f7fabfdaef68902e2363149b998910b/querysource-3.6.9-cp39-cp39-manylinux_2_17_x86_64.manylinux2014_x86_64.whl
[2023-04-18 00:03:17] INFO root fetch - main [MainThread]: End processing [yopass-api]: success
[2023-04-18 00:03:17] INFO root fetch - main [MainThread]: End processing [mass-driver]: success
[2023-04-18 00:03:17] INFO root fetch - main [MainThread]: End processing [pyxattr]: success
[2023-04-18 00:03:17] INFO root fetch - main [MainThread]: End processing [pyhanko-certvalidator]: success
[2023-04-18 00:03:18] INFO root fetch - processPackages [querysource]: executing diffoscope
[2023-04-18 00:03:18] INFO root fetch - processPackages [querysource]: podman run --user 0:0 --rm -w /home/abi/fetcher -v /home/abi/fetcher/tmp:/home/abi/fetcher/tmp:ro -v /home/abi/fetcher/20230418:/home/abi/fetcher/20230418:rw registry.salsa.debian.org/reproducible-builds/diffoscope --no-progress tmp/querysource-3.6.8-cp39-cp39-manylinux_2_17_x86_64.manylinux2014_x86_64.whl.zip tmp/querysource-3.6.9-cp39-cp39-manylinux_2_17_x86_64.manylinux2014_x86_64.whl.zip --markdown 20230418/q/querysource/3.6.8-3.6.9/diff.md --exclude *.pyd
[2023-04-18 00:03:19] INFO root fetch - main [MainThread]: End processing [unigui]: success
[2023-04-18 00:03:20] INFO root fetch - main [MainThread]: End processing [querysource]: success
[2023-04-18 00:03:20] INFO root fetch - main [MainThread]: Store serial: [17744970]
